<?xml version="1.0" encoding="UTF-8"?>
<!-- Generated by org.testng.reporters.JUnitReportReporter -->
<testsuite skipped="0" hostname="AT-ESLap12" name="testNGlearning.TestParameterization" tests="4" failures="0" timestamp="12 Dec 2020 12:47:27 GMT" time="14.696" errors="0">
  <testcase name="doLogin" time="1.406" classname="testNGlearning.TestParameterization"/>
  <testcase name="doLogin" time="1.035" classname="testNGlearning.TestParameterization"/>
  <testcase name="doLogin" time="11.023" classname="testNGlearning.TestParameterization"/>
  <testcase name="doLogin" time="1.232" classname="testNGlearning.TestParameterization"/>
</testsuite> <!-- testNGlearning.TestParameterization -->
