<?xml version="1.0" encoding="UTF-8"?>
<!-- Generated by org.testng.reporters.JUnitReportReporter -->
<testsuite skipped="0" hostname="AT-ESLap12" name="testNGlearning.TestCase1" tests="2" failures="0" timestamp="21 Nov 2020 14:35:02 GMT" time="0.014" errors="0">
  <testcase name="registerUser" time="0.013" classname="testNGlearning.TestCase1"/>
  <testcase name="doLogin" time="0.001" classname="testNGlearning.TestCase1"/>
</testsuite> <!-- testNGlearning.TestCase1 -->
