<?xml version="1.0" encoding="UTF-8"?>
<!-- Generated by org.testng.reporters.JUnitReportReporter -->
<testsuite skipped="0" hostname="AT-ESLap12" name="testNGlearning.TestParameters" tests="2" failures="0" timestamp="30 Nov 2020 14:52:35 GMT" time="4.040" errors="0">
  <testcase name="doLogin" time="2.020" classname="testNGlearning.TestParameters"/>
  <testcase name="doLogin" time="2.020" classname="testNGlearning.TestParameters"/>
</testsuite> <!-- testNGlearning.TestParameters -->
